/var/spool/slurm-llnl/slurmd/job2598441/slurm_script: line 9: /home/veefkind: Is a directory
Currently Loaded Modulefiles:
 1) libgfortran/32/1(default)                           
 2) stdenv/1.3(default)                                 
 3) compilerwrappers                                    
 4) licenses/1.0(default)                               
 5) oldwheezy/1.0(default)                              
 6) torque/default                                      
 7) slurm-tools                                         
 8) surfsara/1.1(default)                               
 9) GCCcore/7.3.0                                       
10) binutils/2.30-GCCcore-7.3.0                         
11) icc/2018.3.222-GCC-7.3.0-2.30                       
12) ifort/2018.3.222-GCC-7.3.0-2.30                     
13) iccifort/2018.3.222-GCC-7.3.0-2.30                  
14) impi/2018.3.222-iccifort-2018.3.222-GCC-7.3.0-2.30  
15) iimpi/2018b                                         
16) imkl/2018.3.222-iimpi-2018b                         
17) intel/2018b                                         
18) bzip2/1.0.6-GCCcore-7.3.0                           
19) zlib/1.2.11-GCCcore-7.3.0                           
20) ncurses/6.1-GCCcore-7.3.0                           
21) libreadline/7.0-GCCcore-7.3.0                       
22) Tcl/8.6.8-GCCcore-7.3.0                             
23) SQLite/3.24.0-GCCcore-7.3.0                         
24) XZ/5.2.4-GCCcore-7.3.0                              
25) GMP/6.1.2-GCCcore-7.3.0                             
26) libffi/3.2.1-GCCcore-7.3.0                          
27) libsodium/1.0.16-GCCcore-7.3.0                      
28) Python/3.6.6-intel-2018b                            
29) CUDA/10.0.130                                       
30) NCCL/2.3.5-CUDA-10.0.130                            
31) cuDNN/7.4.2-CUDA-10.0.130                           
32) Boost/1.67.0-intel-2018b                            
33) expat/2.2.5-GCCcore-7.3.0                           
34) libpng/1.6.34-GCCcore-7.3.0                         
35) freetype/2.9.1-GCCcore-7.3.0                        
36) util-linux/2.32-GCCcore-7.3.0                       
37) fontconfig/2.13.0-GCCcore-7.3.0                     
38) X11/20180604-GCCcore-7.3.0                          
39) NASM/2.13.03-GCCcore-7.3.0                          
40) libjpeg-turbo/2.0.0-GCCcore-7.3.0                   
41) libxml2/2.9.8-GCCcore-7.3.0                         
42) gettext/0.19.8.1-GCCcore-7.3.0                      
43) PCRE/8.41-GCCcore-7.3.0                             
44) GLib/2.54.3-GCCcore-7.3.0                           
45) pixman/0.34.0-GCCcore-7.3.0                         
46) cairo/1.14.12-GCCcore-7.3.0                         
47) LibTIFF/4.0.9-GCCcore-7.3.0                         
48) Ghostscript/9.23-GCCcore-7.3.0                      
49) JasPer/2.0.14-GCCcore-7.3.0                         
50) LittleCMS/2.9-GCCcore-7.3.0                         
51) ImageMagick/7.0.8-11-GCCcore-7.3.0                  
Sourcing virtual environment /home/veefkind/.virtualenvs/NKI_GPU/bin/activate
Current Python packages
Package              Version  
-------------------- ---------
absl-py              0.7.1    
asn1crypto           0.24.0   
astor                0.8.0    
bcrypt               3.1.4    
bitstring            3.1.5    
blist                1.3.6    
certifi              2018.8.13
cffi                 1.11.5   
chardet              3.0.4    
cloudpickle          1.1.1    
cryptography         2.3.1    
Cython               0.28.5   
deap                 1.2.2    
decorator            4.3.0    
docopt               0.6.2    
ecdsa                0.13     
gast                 0.2.2    
grpcio               1.21.1   
h5py                 2.9.0    
horovod              0.16.0   
idna                 2.7      
imageio              2.5.0    
imageio-ffmpeg       0.3.0    
joblib               0.12.2   
Keras-Applications   1.0.8    
Keras-Preprocessing  1.1.0    
liac-arff            2.3      
Markdown             3.1.1    
mock                 2.0.0    
moviepy              1.0.0    
mpi4py               3.0.0    
mpmath               1.0.0    
netaddr              0.7.19   
netifaces            0.10.7   
nose                 1.3.7    
numpy                1.15.0   
pandas               0.23.4   
paramiko             2.4.1    
paycheck             1.0.2    
pbr                  4.2.0    
Pillow               6.0.0    
pip                  19.1.1   
proglog              0.1.9    
protobuf             3.8.0    
psutil               5.6.2    
py-expression-eval   0.3.4    
pyasn1               0.4.4    
pycparser            2.18     
pycrypto             2.6.1    
PyNaCl               1.2.1    
pyparsing            2.2.0    
python-dateutil      2.7.3    
pytz                 2018.5   
requests             2.19.1   
scipy                1.1.0    
setuptools           41.0.1   
six                  1.11.0   
tabulate             0.8.2    
tensorboard          1.13.1   
tensorflow-estimator 1.13.0   
tensorflow-gpu       1.13.1   
termcolor            1.1.0    
tqdm                 4.32.1   
urllib3              1.23     
virtualenv           16.0.0   
Werkzeug             0.15.4   
wheel                0.33.4   
xlrd                 1.1.0    
Creating the run dir: /home/veefkind/stylegan_results/00071-run_metrics.run_all_snapshots-fid50k-0-1gpu
Copying files to the run dir
dnnlib: Running run_metrics.run_all_snapshots() on localhost...
Evaluating fid50k metric on all snapshots of run_id 0...

WARNING:tensorflow:From /home/veefkind/.virtualenvs/NKI_GPU/lib/python3.6/site-packages/tensorflow/python/framework/op_def_library.py:263: colocate_with (from tensorflow.python.framework.ops) is deprecated and will be removed in a future version.
Instructions for updating:
Colocations handled automatically by placer.
network-snapshot-000140        time 5m 04s       fid50k 544.1456  
network-snapshot-001283        time 4m 58s       fid50k 436.1894  
network-snapshot-002364        time 4m 59s       fid50k 373.9686  
network-snapshot-003285        time 5m 00s       fid50k 371.1972  
network-snapshot-004085        time 4m 59s       fid50k 332.0944  
network-snapshot-004705        time 4m 59s       fid50k 221.6630  
network-snapshot-005306        time 4m 58s       fid50k 251.8360  
network-snapshot-005726        time 5m 00s       fid50k 173.8652  
network-snapshot-006126        time 4m 57s       fid50k 152.3872  
network-snapshot-006526        time 5m 20s       fid50k 154.7065  
network-snapshot-006840        time 5m 39s       fid50k 137.7445  
network-snapshot-007140        time 5m 42s       fid50k 174.4613  
network-snapshot-007440        time 5m 38s       fid50k 155.9068  
network-snapshot-007740        time 5m 38s       fid50k 149.7574  
network-snapshot-007960        time 5m 44s       fid50k 152.7939  
network-snapshot-008160        time 5m 38s       fid50k 184.7019  
network-snapshot-008361        time 5m 39s       fid50k 167.9453  
network-snapshot-008561        time 5m 45s       fid50k 150.1729  
network-snapshot-008761        time 5m 40s       fid50k 160.3094  
network-snapshot-008961        time 5m 18s       fid50k 147.3976  
network-snapshot-009162        time 4m 58s       fid50k 173.1713  
network-snapshot-009362        time 5m 05s       fid50k 168.8948  
network-snapshot-009562        time 4m 58s       fid50k 142.9226  
network-snapshot-009763        time 4m 58s       fid50k 163.0636  
network-snapshot-009963        time 4m 59s       fid50k 148.1684  

dnnlib: Finished run_metrics.run_all_snapshots() in 2h 11m 34s.
